{
  "stats": {
    "suites": 1,
    "tests": 11,
    "passes": 8,
    "pending": 0,
    "failures": 3,
    "start": "2024-09-02T04:34:10.468Z",
    "end": "2024-09-02T04:35:03.607Z",
    "duration": 53139,
    "testsRegistered": 11,
    "passPercent": 72.72727272727273,
    "pendingPercent": 0,
    "other": 0,
    "hasOther": false,
    "skipped": 0,
    "hasSkipped": false
  },
  "results": [
    {
      "uuid": "ac317ae7-dc11-4825-af0b-897301098173",
      "title": "",
      "fullFile": "cypress\\e2e\\P99soft_Page.cy.js",
      "file": "cypress\\e2e\\P99soft_Page.cy.js",
      "beforeHooks": [],
      "afterHooks": [],
      "tests": [],
      "suites": [
        {
          "uuid": "11539e95-c568-4cf8-923d-c25f3a824b1d",
          "title": "P99Soft Automation Tests",
          "fullFile": "",
          "file": "",
          "beforeHooks": [],
          "afterHooks": [],
          "tests": [
            {
              "title": "should load the homepage and verify basic elements",
              "fullTitle": "P99Soft Automation Tests should load the homepage and verify basic elements",
              "timedOut": null,
              "duration": 12291,
              "state": "passed",
              "speed": "slow",
              "pass": true,
              "fail": false,
              "pending": false,
              "context": null,
              "code": "cy.visit('https://www.p99soft.com');\ncy.contains('Your IT Challenges, Our Expert Solutions');",
              "err": {},
              "uuid": "29d9938c-e3c9-4426-8fe4-a0212b82ef04",
              "parentUUID": "11539e95-c568-4cf8-923d-c25f3a824b1d",
              "isHook": false,
              "skipped": false
            },
            {
              "title": "should verify that the path element is visible",
              "fullTitle": "P99Soft Automation Tests should verify that the path element is visible",
              "timedOut": null,
              "duration": 2496,
              "state": "passed",
              "speed": "fast",
              "pass": true,
              "fail": false,
              "pending": false,
              "context": null,
              "code": "cy.visit('https://www.p99soft.com');\ncy.xpath('(//*[name()=\"path\"])[12]').should('be.visible');",
              "err": {},
              "uuid": "ebed8582-d27d-41c1-a5f3-4dfd47c88a57",
              "parentUUID": "11539e95-c568-4cf8-923d-c25f3a824b1d",
              "isHook": false,
              "skipped": false
            },
            {
              "title": "should verify that the logo inside the header is visible",
              "fullTitle": "P99Soft Automation Tests should verify that the logo inside the header is visible",
              "timedOut": null,
              "duration": 1898,
              "state": "passed",
              "speed": "fast",
              "pass": true,
              "fail": false,
              "pending": false,
              "context": null,
              "code": "cy.visit('https://www.p99soft.com');\ncy.get(\"img[alt='logo']\").should('be.visible').and('have.attr', 'alt', 'logo');",
              "err": {},
              "uuid": "d032cb19-ef40-4094-b758-95b80719799c",
              "parentUUID": "11539e95-c568-4cf8-923d-c25f3a824b1d",
              "isHook": false,
              "skipped": false
            },
            {
              "title": "should verify that the service tab on the header is visible",
              "fullTitle": "P99Soft Automation Tests should verify that the service tab on the header is visible",
              "timedOut": null,
              "duration": 1501,
              "state": "passed",
              "speed": "fast",
              "pass": true,
              "fail": false,
              "pending": false,
              "context": null,
              "code": "cy.visit('https://www.p99soft.com');\ncy.xpath('(//a[@class=\"elementor-item\"])').should('be.visible');",
              "err": {},
              "uuid": "677b67de-20fc-4c84-b993-6614195afb49",
              "parentUUID": "11539e95-c568-4cf8-923d-c25f3a824b1d",
              "isHook": false,
              "skipped": false
            },
            {
              "title": "should verify that the company tab is visible",
              "fullTitle": "P99Soft Automation Tests should verify that the company tab is visible",
              "timedOut": null,
              "duration": 6676,
              "state": "failed",
              "speed": null,
              "pass": false,
              "fail": true,
              "pending": false,
              "context": null,
              "code": "cy.visit('https://www.p99soft.com');\ncy.xpath('/html[1]/body[1]/div[6]/section[3]/div[1]/div[2]/div[1]/div[2]/div[1]/nav[2]/ul[1]/li[3]/a[1]').should('be.visible');",
              "err": {
                "message": "AssertionError: Timed out retrying after 4000ms: expected '<a#sm-17252516781911912-3.elementor-item.has-submenu>' to be 'visible'\n\nThis element `<a#sm-17252516781911912-3.elementor-item.has-submenu>` is not visible because it is hidden by transform.",
                "estack": "AssertionError: Timed out retrying after 4000ms: expected '<a#sm-17252516781911912-3.elementor-item.has-submenu>' to be 'visible'\n\nThis element `<a#sm-17252516781911912-3.elementor-item.has-submenu>` is not visible because it is hidden by transform.\n    at Context.eval (webpack://p99soft-slack/./cypress/e2e/P99soft_Page.cy.js:36:9)",
                "diff": null
              },
              "uuid": "a4745b1c-58be-4272-baf8-ebaa29096c46",
              "parentUUID": "11539e95-c568-4cf8-923d-c25f3a824b1d",
              "isHook": false,
              "skipped": false
            },
            {
              "title": "should verify that the Case Studies tab is visible",
              "fullTitle": "P99Soft Automation Tests should verify that the Case Studies tab is visible",
              "timedOut": null,
              "duration": 3976,
              "state": "passed",
              "speed": "fast",
              "pass": true,
              "fail": false,
              "pending": false,
              "context": null,
              "code": "cy.visit('https://www.p99soft.com');\ncy.xpath('//a[@href=\"https://p99soft.com/case-studies/\"]').should('be.visible');",
              "err": {},
              "uuid": "41144bdb-a7a9-43ed-b0a3-5495fc21689c",
              "parentUUID": "11539e95-c568-4cf8-923d-c25f3a824b1d",
              "isHook": false,
              "skipped": false
            },
            {
              "title": "should verify that the Blog tab is visible",
              "fullTitle": "P99Soft Automation Tests should verify that the Blog tab is visible",
              "timedOut": null,
              "duration": 2368,
              "state": "passed",
              "speed": "fast",
              "pass": true,
              "fail": false,
              "pending": false,
              "context": null,
              "code": "cy.visit('https://www.p99soft.com');\ncy.xpath('//a[@href=\"https://p99soft.com/blog/\"]').should('be.visible');",
              "err": {},
              "uuid": "9dd24f42-7a93-4812-b477-9ee5ae861916",
              "parentUUID": "11539e95-c568-4cf8-923d-c25f3a824b1d",
              "isHook": false,
              "skipped": false
            },
            {
              "title": "should verify that the Resources tab is visible",
              "fullTitle": "P99Soft Automation Tests should verify that the Resources tab is visible",
              "timedOut": null,
              "duration": 6605,
              "state": "failed",
              "speed": null,
              "pass": false,
              "fail": true,
              "pending": false,
              "context": null,
              "code": "cy.visit('https://www.p99soft.com');\n//cy.xpath('(//a[@id=\"sm-17242165347422874-5\"])[1]')\ncy.xpath('/html[1]/body[1]/div[6]/section[3]/div[1]/div[2]/div[1]/div[2]/div[1]/nav[2]/ul[1]/li[6]/a[1]').should('be.visible');",
              "err": {
                "message": "AssertionError: Timed out retrying after 4000ms: expected '<a#sm-17252516916748472-5.elementor-item.elementor-item-anchor.has-submenu>' to be 'visible'\n\nThis element `<a#sm-17252516916748472-5.elementor-item.elementor-item-anchor.has-submenu>` is not visible because it is hidden by transform.",
                "estack": "AssertionError: Timed out retrying after 4000ms: expected '<a#sm-17252516916748472-5.elementor-item.elementor-item-anchor.has-submenu>' to be 'visible'\n\nThis element `<a#sm-17252516916748472-5.elementor-item.elementor-item-anchor.has-submenu>` is not visible because it is hidden by transform.\n    at Context.eval (webpack://p99soft-slack/./cypress/e2e/P99soft_Page.cy.js:57:9)",
                "diff": null
              },
              "uuid": "a6fd9a16-147a-4783-9c34-0cf3c805345a",
              "parentUUID": "11539e95-c568-4cf8-923d-c25f3a824b1d",
              "isHook": false,
              "skipped": false
            },
            {
              "title": "should verify that the Careers tab is visible",
              "fullTitle": "P99Soft Automation Tests should verify that the Careers tab is visible",
              "timedOut": null,
              "duration": 2023,
              "state": "passed",
              "speed": "fast",
              "pass": true,
              "fail": false,
              "pending": false,
              "context": null,
              "code": "cy.visit('https://www.p99soft.com');\ncy.xpath('//a[contains(text(), \"Careers\")]').should('be.visible').then(element => {\n  console.log(element.text());\n});",
              "err": {},
              "uuid": "9ea6cbaf-40b2-49fb-8b27-cdeb9ac0f374",
              "parentUUID": "11539e95-c568-4cf8-923d-c25f3a824b1d",
              "isHook": false,
              "skipped": false
            },
            {
              "title": "should verify that the Contact tab is visible",
              "fullTitle": "P99Soft Automation Tests should verify that the Contact tab is visible",
              "timedOut": null,
              "duration": 2207,
              "state": "passed",
              "speed": "fast",
              "pass": true,
              "fail": false,
              "pending": false,
              "context": null,
              "code": "cy.visit('https://www.p99soft.com');\ncy.xpath('(//span[@class=\"elementor-button-text\"])[3]').should('be.visible');",
              "err": {},
              "uuid": "5ff39084-7079-4f0c-9f1c-4abde2f1bc4c",
              "parentUUID": "11539e95-c568-4cf8-923d-c25f3a824b1d",
              "isHook": false,
              "skipped": false
            },
            {
              "title": "should verify that the client support tab is visible",
              "fullTitle": "P99Soft Automation Tests should verify that the client support tab is visible",
              "timedOut": null,
              "duration": 1915,
              "state": "failed",
              "speed": null,
              "pass": false,
              "fail": true,
              "pending": false,
              "context": null,
              "code": "cy.visit('https://www.p99soft.com');\ncy.xpath('').should('be.visible').then(element => {\n  console.log('Client Support tab text:', element.text());\n});",
              "err": {
                "message": "SyntaxError: Failed to execute 'evaluate' on 'Document': The string '' is not a valid XPath expression.",
                "estack": "SyntaxError: Failed to execute 'evaluate' on 'Document': The string '' is not a valid XPath expression.\nError: Failed to execute 'evaluate' on 'Document': The string '' is not a valid XPath expression.",
                "diff": null
              },
              "uuid": "4f889dbd-4dcf-4bd5-b10b-a40a6e593d9f",
              "parentUUID": "11539e95-c568-4cf8-923d-c25f3a824b1d",
              "isHook": false,
              "skipped": false
            }
          ],
          "suites": [],
          "passes": [
            "29d9938c-e3c9-4426-8fe4-a0212b82ef04",
            "ebed8582-d27d-41c1-a5f3-4dfd47c88a57",
            "d032cb19-ef40-4094-b758-95b80719799c",
            "677b67de-20fc-4c84-b993-6614195afb49",
            "41144bdb-a7a9-43ed-b0a3-5495fc21689c",
            "9dd24f42-7a93-4812-b477-9ee5ae861916",
            "9ea6cbaf-40b2-49fb-8b27-cdeb9ac0f374",
            "5ff39084-7079-4f0c-9f1c-4abde2f1bc4c"
          ],
          "failures": [
            "a4745b1c-58be-4272-baf8-ebaa29096c46",
            "a6fd9a16-147a-4783-9c34-0cf3c805345a",
            "4f889dbd-4dcf-4bd5-b10b-a40a6e593d9f"
          ],
          "pending": [],
          "skipped": [],
          "duration": 43956,
          "root": false,
          "rootEmpty": false,
          "_timeout": 2000
        }
      ],
      "passes": [],
      "failures": [],
      "pending": [],
      "skipped": [],
      "duration": 0,
      "root": true,
      "rootEmpty": true,
      "_timeout": 2000
    }
  ],
  "meta": {
    "mocha": {
      "version": "7.0.1"
    },
    "mochawesome": {
      "options": {
        "quiet": false,
        "reportFilename": "mochawesome",
        "saveHtml": true,
        "saveJson": true,
        "consoleReporter": "spec",
        "useInlineDiffs": false,
        "code": true
      },
      "version": "7.1.3"
    },
    "marge": {
      "options": {
        "charts": true,
        "json": true,
        "overwrite": false
      },
      "version": "6.2.0"
    }
  }
}