{
  "stats": {
    "suites": 1,
    "tests": 11,
    "passes": 8,
    "pending": 0,
    "failures": 3,
    "start": "2024-08-30T17:39:05.843Z",
    "end": "2024-08-30T17:39:40.956Z",
    "duration": 35113,
    "testsRegistered": 11,
    "passPercent": 72.72727272727273,
    "pendingPercent": 0,
    "other": 0,
    "hasOther": false,
    "skipped": 0,
    "hasSkipped": false
  },
  "results": [
    {
      "uuid": "ebcb890f-f71e-44ec-acbb-4f9a5a334b18",
      "title": "",
      "fullFile": "cypress\\e2e\\P99soft_Page.cy.js",
      "file": "cypress\\e2e\\P99soft_Page.cy.js",
      "beforeHooks": [],
      "afterHooks": [],
      "tests": [],
      "suites": [
        {
          "uuid": "46e648a1-ce33-4168-8d30-6a5e83b3caf4",
          "title": "P99Soft Automation Tests",
          "fullFile": "",
          "file": "",
          "beforeHooks": [],
          "afterHooks": [],
          "tests": [
            {
              "title": "should load the homepage and verify basic elements",
              "fullTitle": "P99Soft Automation Tests should load the homepage and verify basic elements",
              "timedOut": null,
              "duration": 5105,
              "state": "passed",
              "speed": "medium",
              "pass": true,
              "fail": false,
              "pending": false,
              "context": null,
              "code": "cy.visit('https://www.p99soft.com');\ncy.contains('Your IT Challenges, Our Expert Solutions');",
              "err": {},
              "uuid": "4dfa8a8d-3d2e-4331-abc3-12d7741cf745",
              "parentUUID": "46e648a1-ce33-4168-8d30-6a5e83b3caf4",
              "isHook": false,
              "skipped": false
            },
            {
              "title": "should verify that the path element is visible",
              "fullTitle": "P99Soft Automation Tests should verify that the path element is visible",
              "timedOut": null,
              "duration": 1993,
              "state": "passed",
              "speed": "fast",
              "pass": true,
              "fail": false,
              "pending": false,
              "context": null,
              "code": "cy.visit('https://www.p99soft.com');\ncy.xpath('(//*[name()=\"path\"])[12]').should('be.visible');",
              "err": {},
              "uuid": "5bddb97f-5181-480b-9251-cec8d6308a91",
              "parentUUID": "46e648a1-ce33-4168-8d30-6a5e83b3caf4",
              "isHook": false,
              "skipped": false
            },
            {
              "title": "should verify that the logo inside the header is visible",
              "fullTitle": "P99Soft Automation Tests should verify that the logo inside the header is visible",
              "timedOut": null,
              "duration": 923,
              "state": "passed",
              "speed": "fast",
              "pass": true,
              "fail": false,
              "pending": false,
              "context": null,
              "code": "cy.visit('https://www.p99soft.com');\ncy.get(\"img[alt='logo']\").should('be.visible').and('have.attr', 'alt', 'logo');",
              "err": {},
              "uuid": "2e88dd4c-64ac-473d-8a81-62d4ea342133",
              "parentUUID": "46e648a1-ce33-4168-8d30-6a5e83b3caf4",
              "isHook": false,
              "skipped": false
            },
            {
              "title": "should verify that the service tab on the header is visible",
              "fullTitle": "P99Soft Automation Tests should verify that the service tab on the header is visible",
              "timedOut": null,
              "duration": 1897,
              "state": "passed",
              "speed": "fast",
              "pass": true,
              "fail": false,
              "pending": false,
              "context": null,
              "code": "cy.visit('https://www.p99soft.com');\ncy.xpath('(//a[@class=\"elementor-item\"])').should('be.visible');",
              "err": {},
              "uuid": "47309afb-6594-4cfe-9b02-e5de5e2a067c",
              "parentUUID": "46e648a1-ce33-4168-8d30-6a5e83b3caf4",
              "isHook": false,
              "skipped": false
            },
            {
              "title": "should verify that the company tab is visible",
              "fullTitle": "P99Soft Automation Tests should verify that the company tab is visible",
              "timedOut": null,
              "duration": 5222,
              "state": "failed",
              "speed": null,
              "pass": false,
              "fail": true,
              "pending": false,
              "context": null,
              "code": "cy.visit('https://www.p99soft.com');\ncy.xpath('/html[1]/body[1]/div[6]/section[3]/div[1]/div[2]/div[1]/div[2]/div[1]/nav[2]/ul[1]/li[3]/a[1]').should('be.visible');",
              "err": {
                "message": "AssertionError: Timed out retrying after 4000ms: expected '<a#sm-17250395629464353-3.elementor-item.has-submenu>' to be 'visible'\n\nThis element `<a#sm-17250395629464353-3.elementor-item.has-submenu>` is not visible because it is hidden by transform.",
                "estack": "AssertionError: Timed out retrying after 4000ms: expected '<a#sm-17250395629464353-3.elementor-item.has-submenu>' to be 'visible'\n\nThis element `<a#sm-17250395629464353-3.elementor-item.has-submenu>` is not visible because it is hidden by transform.\n    at Context.eval (webpack://p99soft-slack/./cypress/e2e/P99soft_Page.cy.js:36:9)",
                "diff": null
              },
              "uuid": "a786b085-4804-4ad7-b2fb-186a90412fc3",
              "parentUUID": "46e648a1-ce33-4168-8d30-6a5e83b3caf4",
              "isHook": false,
              "skipped": false
            },
            {
              "title": "should verify that the Case Studies tab is visible",
              "fullTitle": "P99Soft Automation Tests should verify that the Case Studies tab is visible",
              "timedOut": null,
              "duration": 2955,
              "state": "passed",
              "speed": "fast",
              "pass": true,
              "fail": false,
              "pending": false,
              "context": null,
              "code": "cy.visit('https://www.p99soft.com');\ncy.xpath('//a[@href=\"https://p99soft.com/case-studies/\"]').should('be.visible');",
              "err": {},
              "uuid": "85b297c0-4f83-4d8f-9444-f509546949e8",
              "parentUUID": "46e648a1-ce33-4168-8d30-6a5e83b3caf4",
              "isHook": false,
              "skipped": false
            },
            {
              "title": "should verify that the Blog tab is visible",
              "fullTitle": "P99Soft Automation Tests should verify that the Blog tab is visible",
              "timedOut": null,
              "duration": 2175,
              "state": "passed",
              "speed": "fast",
              "pass": true,
              "fail": false,
              "pending": false,
              "context": null,
              "code": "cy.visit('https://www.p99soft.com');\ncy.xpath('//a[@href=\"https://p99soft.com/blog/\"]').should('be.visible');",
              "err": {},
              "uuid": "1ac7ecbb-d61d-4101-ba6f-7690baff36ef",
              "parentUUID": "46e648a1-ce33-4168-8d30-6a5e83b3caf4",
              "isHook": false,
              "skipped": false
            },
            {
              "title": "should verify that the Resources tab is visible",
              "fullTitle": "P99Soft Automation Tests should verify that the Resources tab is visible",
              "timedOut": null,
              "duration": 5129,
              "state": "failed",
              "speed": null,
              "pass": false,
              "fail": true,
              "pending": false,
              "context": null,
              "code": "cy.visit('https://www.p99soft.com');\n//cy.xpath('(//a[@id=\"sm-17242165347422874-5\"])[1]')\ncy.xpath('/html[1]/body[1]/div[6]/section[3]/div[1]/div[2]/div[1]/div[2]/div[1]/nav[2]/ul[1]/li[6]/a[1]').should('be.visible');",
              "err": {
                "message": "AssertionError: Timed out retrying after 4000ms: expected '<a#sm-1725039573999918-5.elementor-item.elementor-item-anchor.has-submenu>' to be 'visible'\n\nThis element `<a#sm-1725039573999918-5.elementor-item.elementor-item-anchor.has-submenu>` is not visible because it is hidden by transform.",
                "estack": "AssertionError: Timed out retrying after 4000ms: expected '<a#sm-1725039573999918-5.elementor-item.elementor-item-anchor.has-submenu>' to be 'visible'\n\nThis element `<a#sm-1725039573999918-5.elementor-item.elementor-item-anchor.has-submenu>` is not visible because it is hidden by transform.\n    at Context.eval (webpack://p99soft-slack/./cypress/e2e/P99soft_Page.cy.js:57:9)",
                "diff": null
              },
              "uuid": "7f450416-a354-4ede-88ec-61a655f979b9",
              "parentUUID": "46e648a1-ce33-4168-8d30-6a5e83b3caf4",
              "isHook": false,
              "skipped": false
            },
            {
              "title": "should verify that the Careers tab is visible",
              "fullTitle": "P99Soft Automation Tests should verify that the Careers tab is visible",
              "timedOut": null,
              "duration": 945,
              "state": "passed",
              "speed": "fast",
              "pass": true,
              "fail": false,
              "pending": false,
              "context": null,
              "code": "cy.visit('https://www.p99soft.com');\ncy.xpath('//a[contains(text(), \"Careers\")]').should('be.visible').then(element => {\n  console.log(element.text());\n});",
              "err": {},
              "uuid": "458f26c8-1558-416b-a525-ed64c935a312",
              "parentUUID": "46e648a1-ce33-4168-8d30-6a5e83b3caf4",
              "isHook": false,
              "skipped": false
            },
            {
              "title": "should verify that the Contact tab is visible",
              "fullTitle": "P99Soft Automation Tests should verify that the Contact tab is visible",
              "timedOut": null,
              "duration": 563,
              "state": "passed",
              "speed": "fast",
              "pass": true,
              "fail": false,
              "pending": false,
              "context": null,
              "code": "cy.visit('https://www.p99soft.com');\ncy.xpath('(//span[@class=\"elementor-button-text\"])[3]').should('be.visible');",
              "err": {},
              "uuid": "833e1ae5-44bb-4b79-9a84-1907ec04878d",
              "parentUUID": "46e648a1-ce33-4168-8d30-6a5e83b3caf4",
              "isHook": false,
              "skipped": false
            },
            {
              "title": "should verify that the client support tab is visible",
              "fullTitle": "P99Soft Automation Tests should verify that the client support tab is visible",
              "timedOut": null,
              "duration": 1060,
              "state": "failed",
              "speed": null,
              "pass": false,
              "fail": true,
              "pending": false,
              "context": null,
              "code": "cy.visit('https://www.p99soft.com');\ncy.xpath('').should('be.visible').then(element => {\n  console.log('Client Support tab text:', element.text());\n});",
              "err": {
                "message": "SyntaxError: Failed to execute 'evaluate' on 'Document': The string '' is not a valid XPath expression.",
                "estack": "SyntaxError: Failed to execute 'evaluate' on 'Document': The string '' is not a valid XPath expression.\nError: Failed to execute 'evaluate' on 'Document': The string '' is not a valid XPath expression.",
                "diff": null
              },
              "uuid": "eae45952-b65c-4863-b17e-4686e68a5e3b",
              "parentUUID": "46e648a1-ce33-4168-8d30-6a5e83b3caf4",
              "isHook": false,
              "skipped": false
            }
          ],
          "suites": [],
          "passes": [
            "4dfa8a8d-3d2e-4331-abc3-12d7741cf745",
            "5bddb97f-5181-480b-9251-cec8d6308a91",
            "2e88dd4c-64ac-473d-8a81-62d4ea342133",
            "47309afb-6594-4cfe-9b02-e5de5e2a067c",
            "85b297c0-4f83-4d8f-9444-f509546949e8",
            "1ac7ecbb-d61d-4101-ba6f-7690baff36ef",
            "458f26c8-1558-416b-a525-ed64c935a312",
            "833e1ae5-44bb-4b79-9a84-1907ec04878d"
          ],
          "failures": [
            "a786b085-4804-4ad7-b2fb-186a90412fc3",
            "7f450416-a354-4ede-88ec-61a655f979b9",
            "eae45952-b65c-4863-b17e-4686e68a5e3b"
          ],
          "pending": [],
          "skipped": [],
          "duration": 27967,
          "root": false,
          "rootEmpty": false,
          "_timeout": 2000
        }
      ],
      "passes": [],
      "failures": [],
      "pending": [],
      "skipped": [],
      "duration": 0,
      "root": true,
      "rootEmpty": true,
      "_timeout": 2000
    }
  ],
  "meta": {
    "mocha": {
      "version": "7.0.1"
    },
    "mochawesome": {
      "options": {
        "quiet": false,
        "reportFilename": "mochawesome",
        "saveHtml": true,
        "saveJson": true,
        "consoleReporter": "spec",
        "useInlineDiffs": false,
        "code": true
      },
      "version": "7.1.3"
    },
    "marge": {
      "options": {
        "charts": true,
        "json": true,
        "overwrite": false
      },
      "version": "6.2.0"
    }
  }
}