{
  "stats": {
    "suites": 1,
    "tests": 11,
    "passes": 8,
    "pending": 0,
    "failures": 3,
    "start": "2024-08-30T13:48:57.576Z",
    "end": "2024-08-30T13:49:44.951Z",
    "duration": 47375,
    "testsRegistered": 11,
    "passPercent": 72.72727272727273,
    "pendingPercent": 0,
    "other": 0,
    "hasOther": false,
    "skipped": 0,
    "hasSkipped": false
  },
  "results": [
    {
      "uuid": "792c7f33-1549-4029-b8e8-f574794545d1",
      "title": "",
      "fullFile": "cypress\\e2e\\P99soft_Page.cy.js",
      "file": "cypress\\e2e\\P99soft_Page.cy.js",
      "beforeHooks": [],
      "afterHooks": [],
      "tests": [],
      "suites": [
        {
          "uuid": "d17f3fc8-536f-49c9-b355-1a4f12fdf6f8",
          "title": "P99Soft Automation Tests",
          "fullFile": "",
          "file": "",
          "beforeHooks": [],
          "afterHooks": [],
          "tests": [
            {
              "title": "should load the homepage and verify basic elements",
              "fullTitle": "P99Soft Automation Tests should load the homepage and verify basic elements",
              "timedOut": null,
              "duration": 9765,
              "state": "passed",
              "speed": "medium",
              "pass": true,
              "fail": false,
              "pending": false,
              "context": null,
              "code": "cy.visit('https://www.p99soft.com');\ncy.contains('Your IT Challenges, Our Expert Solutions');",
              "err": {},
              "uuid": "1175e2d8-153d-444f-8858-623d4918dc97",
              "parentUUID": "d17f3fc8-536f-49c9-b355-1a4f12fdf6f8",
              "isHook": false,
              "skipped": false
            },
            {
              "title": "should verify that the path element is visible",
              "fullTitle": "P99Soft Automation Tests should verify that the path element is visible",
              "timedOut": null,
              "duration": 1526,
              "state": "passed",
              "speed": "fast",
              "pass": true,
              "fail": false,
              "pending": false,
              "context": null,
              "code": "cy.visit('https://www.p99soft.com');\ncy.xpath('(//*[name()=\"path\"])[12]').should('be.visible');",
              "err": {},
              "uuid": "a0f30332-9590-40dd-b649-1c8a06261d1f",
              "parentUUID": "d17f3fc8-536f-49c9-b355-1a4f12fdf6f8",
              "isHook": false,
              "skipped": false
            },
            {
              "title": "should verify that the logo inside the header is visible",
              "fullTitle": "P99Soft Automation Tests should verify that the logo inside the header is visible",
              "timedOut": null,
              "duration": 1680,
              "state": "passed",
              "speed": "fast",
              "pass": true,
              "fail": false,
              "pending": false,
              "context": null,
              "code": "cy.visit('https://www.p99soft.com');\ncy.get(\"img[alt='logo']\").should('be.visible').and('have.attr', 'alt', 'logo');",
              "err": {},
              "uuid": "e7f3afd4-7dda-46d9-9d34-c96deceb2712",
              "parentUUID": "d17f3fc8-536f-49c9-b355-1a4f12fdf6f8",
              "isHook": false,
              "skipped": false
            },
            {
              "title": "should verify that the service tab on the header is visible",
              "fullTitle": "P99Soft Automation Tests should verify that the service tab on the header is visible",
              "timedOut": null,
              "duration": 1138,
              "state": "passed",
              "speed": "fast",
              "pass": true,
              "fail": false,
              "pending": false,
              "context": null,
              "code": "cy.visit('https://www.p99soft.com');\ncy.xpath('(//a[@class=\"elementor-item\"])').should('be.visible');",
              "err": {},
              "uuid": "e1d18b52-7f4f-4942-91a2-31782b31d493",
              "parentUUID": "d17f3fc8-536f-49c9-b355-1a4f12fdf6f8",
              "isHook": false,
              "skipped": false
            },
            {
              "title": "should verify that the company tab is visible",
              "fullTitle": "P99Soft Automation Tests should verify that the company tab is visible",
              "timedOut": null,
              "duration": 6508,
              "state": "failed",
              "speed": null,
              "pass": false,
              "fail": true,
              "pending": false,
              "context": null,
              "code": "cy.visit('https://www.p99soft.com');\ncy.xpath('/html[1]/body[1]/div[6]/section[3]/div[1]/div[2]/div[1]/div[2]/div[1]/nav[2]/ul[1]/li[3]/a[1]').should('be.visible');",
              "err": {
                "message": "AssertionError: Timed out retrying after 4000ms: expected '<a#sm-17250257605713408-3.elementor-item.has-submenu>' to be 'visible'\n\nThis element `<a#sm-17250257605713408-3.elementor-item.has-submenu>` is not visible because it is hidden by transform.",
                "estack": "AssertionError: Timed out retrying after 4000ms: expected '<a#sm-17250257605713408-3.elementor-item.has-submenu>' to be 'visible'\n\nThis element `<a#sm-17250257605713408-3.elementor-item.has-submenu>` is not visible because it is hidden by transform.\n    at Context.eval (webpack://p99soft-slack/./cypress/e2e/P99soft_Page.cy.js:36:9)",
                "diff": null
              },
              "uuid": "21acce6e-9131-4bca-9bb1-82eff2c86bf1",
              "parentUUID": "d17f3fc8-536f-49c9-b355-1a4f12fdf6f8",
              "isHook": false,
              "skipped": false
            },
            {
              "title": "should verify that the Case Studies tab is visible",
              "fullTitle": "P99Soft Automation Tests should verify that the Case Studies tab is visible",
              "timedOut": null,
              "duration": 4124,
              "state": "passed",
              "speed": "fast",
              "pass": true,
              "fail": false,
              "pending": false,
              "context": null,
              "code": "cy.visit('https://www.p99soft.com');\ncy.xpath('//a[@href=\"https://p99soft.com/case-studies/\"]').should('be.visible');",
              "err": {},
              "uuid": "3a07e361-15c5-491b-b9a1-cc88f5f09905",
              "parentUUID": "d17f3fc8-536f-49c9-b355-1a4f12fdf6f8",
              "isHook": false,
              "skipped": false
            },
            {
              "title": "should verify that the Blog tab is visible",
              "fullTitle": "P99Soft Automation Tests should verify that the Blog tab is visible",
              "timedOut": null,
              "duration": 2332,
              "state": "passed",
              "speed": "fast",
              "pass": true,
              "fail": false,
              "pending": false,
              "context": null,
              "code": "cy.visit('https://www.p99soft.com');\ncy.xpath('//a[@href=\"https://p99soft.com/blog/\"]').should('be.visible');",
              "err": {},
              "uuid": "8acdc901-be10-4179-b154-3cc65c84fae1",
              "parentUUID": "d17f3fc8-536f-49c9-b355-1a4f12fdf6f8",
              "isHook": false,
              "skipped": false
            },
            {
              "title": "should verify that the Resources tab is visible",
              "fullTitle": "P99Soft Automation Tests should verify that the Resources tab is visible",
              "timedOut": null,
              "duration": 5903,
              "state": "failed",
              "speed": null,
              "pass": false,
              "fail": true,
              "pending": false,
              "context": null,
              "code": "cy.visit('https://www.p99soft.com');\n//cy.xpath('(//a[@id=\"sm-17242165347422874-5\"])[1]')\ncy.xpath('/html[1]/body[1]/div[6]/section[3]/div[1]/div[2]/div[1]/div[2]/div[1]/nav[2]/ul[1]/li[6]/a[1]').should('be.visible');",
              "err": {
                "message": "AssertionError: Timed out retrying after 4000ms: expected '<a#sm-17250257735269875-5.elementor-item.elementor-item-anchor.has-submenu>' to be 'visible'\n\nThis element `<a#sm-17250257735269875-5.elementor-item.elementor-item-anchor.has-submenu>` is not visible because it is hidden by transform.",
                "estack": "AssertionError: Timed out retrying after 4000ms: expected '<a#sm-17250257735269875-5.elementor-item.elementor-item-anchor.has-submenu>' to be 'visible'\n\nThis element `<a#sm-17250257735269875-5.elementor-item.elementor-item-anchor.has-submenu>` is not visible because it is hidden by transform.\n    at Context.eval (webpack://p99soft-slack/./cypress/e2e/P99soft_Page.cy.js:57:9)",
                "diff": null
              },
              "uuid": "c205e492-d807-4469-99ed-edb9ecd0d00e",
              "parentUUID": "d17f3fc8-536f-49c9-b355-1a4f12fdf6f8",
              "isHook": false,
              "skipped": false
            },
            {
              "title": "should verify that the Careers tab is visible",
              "fullTitle": "P99Soft Automation Tests should verify that the Careers tab is visible",
              "timedOut": null,
              "duration": 2259,
              "state": "passed",
              "speed": "fast",
              "pass": true,
              "fail": false,
              "pending": false,
              "context": null,
              "code": "cy.visit('https://www.p99soft.com');\ncy.xpath('//a[contains(text(), \"Careers\")]').should('be.visible').then(element => {\n  console.log(element.text());\n});",
              "err": {},
              "uuid": "975eb455-b00b-4d4e-9d4f-413b6ad06f8a",
              "parentUUID": "d17f3fc8-536f-49c9-b355-1a4f12fdf6f8",
              "isHook": false,
              "skipped": false
            },
            {
              "title": "should verify that the Contact tab is visible",
              "fullTitle": "P99Soft Automation Tests should verify that the Contact tab is visible",
              "timedOut": null,
              "duration": 1588,
              "state": "passed",
              "speed": "fast",
              "pass": true,
              "fail": false,
              "pending": false,
              "context": null,
              "code": "cy.visit('https://www.p99soft.com');\ncy.xpath('(//span[@class=\"elementor-button-text\"])[3]').should('be.visible');",
              "err": {},
              "uuid": "3b44fcf7-2168-45eb-9296-3a53e6b09334",
              "parentUUID": "d17f3fc8-536f-49c9-b355-1a4f12fdf6f8",
              "isHook": false,
              "skipped": false
            },
            {
              "title": "should verify that the client support tab is visible",
              "fullTitle": "P99Soft Automation Tests should verify that the client support tab is visible",
              "timedOut": null,
              "duration": 1916,
              "state": "failed",
              "speed": null,
              "pass": false,
              "fail": true,
              "pending": false,
              "context": null,
              "code": "cy.visit('https://www.p99soft.com');\ncy.xpath('').should('be.visible').then(element => {\n  console.log('Client Support tab text:', element.text());\n});",
              "err": {
                "message": "SyntaxError: Failed to execute 'evaluate' on 'Document': The string '' is not a valid XPath expression.",
                "estack": "SyntaxError: Failed to execute 'evaluate' on 'Document': The string '' is not a valid XPath expression.\nError: Failed to execute 'evaluate' on 'Document': The string '' is not a valid XPath expression.",
                "diff": null
              },
              "uuid": "f50a0148-986d-4c3b-96a6-24c3034c4798",
              "parentUUID": "d17f3fc8-536f-49c9-b355-1a4f12fdf6f8",
              "isHook": false,
              "skipped": false
            }
          ],
          "suites": [],
          "passes": [
            "1175e2d8-153d-444f-8858-623d4918dc97",
            "a0f30332-9590-40dd-b649-1c8a06261d1f",
            "e7f3afd4-7dda-46d9-9d34-c96deceb2712",
            "e1d18b52-7f4f-4942-91a2-31782b31d493",
            "3a07e361-15c5-491b-b9a1-cc88f5f09905",
            "8acdc901-be10-4179-b154-3cc65c84fae1",
            "975eb455-b00b-4d4e-9d4f-413b6ad06f8a",
            "3b44fcf7-2168-45eb-9296-3a53e6b09334"
          ],
          "failures": [
            "21acce6e-9131-4bca-9bb1-82eff2c86bf1",
            "c205e492-d807-4469-99ed-edb9ecd0d00e",
            "f50a0148-986d-4c3b-96a6-24c3034c4798"
          ],
          "pending": [],
          "skipped": [],
          "duration": 38739,
          "root": false,
          "rootEmpty": false,
          "_timeout": 2000
        }
      ],
      "passes": [],
      "failures": [],
      "pending": [],
      "skipped": [],
      "duration": 0,
      "root": true,
      "rootEmpty": true,
      "_timeout": 2000
    }
  ],
  "meta": {
    "mocha": {
      "version": "7.0.1"
    },
    "mochawesome": {
      "options": {
        "quiet": false,
        "reportFilename": "mochawesome",
        "saveHtml": true,
        "saveJson": true,
        "consoleReporter": "spec",
        "useInlineDiffs": false,
        "code": true
      },
      "version": "7.1.3"
    },
    "marge": {
      "options": {
        "charts": true,
        "json": true,
        "overwrite": false
      },
      "version": "6.2.0"
    }
  }
}